leRecorderDemo/build/outputs/logs/manifest-merger-debug-report.txt
-- Merging decision tree log ---
manifest
ADDED from src\main\AndroidManifest.xml:2:1-91:12
	package
		ADDED from src\main\AndroidManifest.xml:3:5-32
		INJECTED from src\main\AndroidManifest.xml
		INJECTED from src\main\AndroidManifest.xml
	android:versionName
		ADDED from src\main\AndroidManifest.xml:5:5-30
		INJECTED from src\main\AndroidManifest.xml
		INJECTED from src\main\AndroidManifest.xml
	android:versionCode
		ADDED from src\main\AndroidManifest.xml:4:5-28
		INJECTED from src\main\AndroidManifest.xml
		INJECTED from src\main\AndroidManifest.xml
	xmlns:android
		ADDED from src\main\AndroidManifest.xml:2:11-69
uses-feature#0x00020000
ADDED from src\main\AndroidManifest.xml:7:5-9:35
	android:glEsVersion
		ADDED from src\main\AndroidManifest.xml:8:9-41
	android:required
		ADDED from src\main\AndroidManifest.xml:9:9-32
uses-sdk
ADDED from src\main\AndroidManifest.xml:11:5-13:41
	android:targetSdkVersion
		ADDED from src\main\AndroidManifest.xml:13:9-38
		INJECTED from src\main\AndroidManifest.xml
		INJECTED from src\main\AndroidManifest.xml
	android:minSdkVersion
		ADDED from src\main\AndroidManifest.xml:12:9-35
		INJECTED from src\main\AndroidManifest.xml
		INJECTED from src\main\AndroidManifest.xml
application
ADDED from src\main\AndroidManifest.xml:15:5-61:19
	android:label
		ADDED from src\main\AndroidManifest.xml:18:9-41
	android:allowBackup
		ADDED from src\main\AndroidManifest.xml:16:9-35
	android:icon
		ADDED from src\main\AndroidManifest.xml:17:9-45
	android:theme
		ADDED from src\main\AndroidManifest.xml:19:9-40
activity#com.letv.recorder.MainActivity
ADDED from src\main\AndroidManifest.xml:20:9-30:20
	android:screenOrientation
		ADDED from src\main\AndroidManifest.xml:23:13-49
	android:label
		ADDED from src\main\AndroidManifest.xml:22:13-45
	android:theme
		ADDED from src\main\AndroidManifest.xml:24:13-60
	android:name
		ADDED from src\main\AndroidManifest.xml:21:13-41
intent-filter#android.intent.action.MAIN+android.intent.category.LAUNCHER
ADDED from src\main\AndroidManifest.xml:25:13-29:29
action#android.intent.action.MAIN
ADDED from src\main\AndroidManifest.xml:26:17-69
	android:name
		ADDED from src\main\AndroidManifest.xml:26:25-66
category#android.intent.category.LAUNCHER
ADDED from src\main\AndroidManifest.xml:28:17-77
	android:name
		ADDED from src\main\AndroidManifest.xml:28:27-74
activity#com.letv.recorder.RecorderActivity
ADDED from src\main\AndroidManifest.xml:31:9-36:20
	android:screenOrientation
		ADDED from src\main\AndroidManifest.xml:34:13-49
	android:configChanges
		ADDED from src\main\AndroidManifest.xml:33:13-81
	android:theme
		ADDED from src\main\AndroidManifest.xml:35:13-60
	android:name
		ADDED from src\main\AndroidManifest.xml:32:13-45
activity#com.letv.recorder.RecorderLetvActivity
ADDED from src\main\AndroidManifest.xml:37:9-42:20
	android:screenOrientation
		ADDED from src\main\AndroidManifest.xml:40:13-49
	android:configChanges
		ADDED from src\main\AndroidManifest.xml:39:13-81
	android:theme
		ADDED from src\main\AndroidManifest.xml:41:13-60
	android:name
		ADDED from src\main\AndroidManifest.xml:38:13-49
activity#com.letv.recorder.RecorderTestActivity
ADDED from src\main\AndroidManifest.xml:43:9-48:20
	android:screenOrientation
		ADDED from src\main\AndroidManifest.xml:46:13-49
	android:configChanges
		ADDED from src\main\AndroidManifest.xml:45:13-81
	android:theme
		ADDED from src\main\AndroidManifest.xml:47:13-60
	android:name
		ADDED from src\main\AndroidManifest.xml:44:13-49
activity#com.letv.recorder.RecorderGLSurfaceViewActivity
ADDED from src\main\AndroidManifest.xml:49:9-54:20
	android:screenOrientation
		ADDED from src\main\AndroidManifest.xml:52:13-49
	android:configChanges
		ADDED from src\main\AndroidManifest.xml:51:13-81
	android:theme
		ADDED from src\main\AndroidManifest.xml:53:13-60
	android:name
		ADDED from src\main\AndroidManifest.xml:50:13-58
activity#com.letv.recorder.RecorderSurfaceViewActivity
ADDED from src\main\AndroidManifest.xml:55:9-60:20
	android:screenOrientation
		ADDED from src\main\AndroidManifest.xml:58:13-49
	android:configChanges
		ADDED from src\main\AndroidManifest.xml:57:13-81
	android:theme
		ADDED from src\main\AndroidManifest.xml:59:13-60
	android:name
		ADDED from src\main\AndroidManifest.xml:56:13-56
uses-permission#android.permission.ACCESS_COARSE_LOCATION
ADDED from src\main\AndroidManifest.xml:63:5-81
	android:name
		ADDED from src\main\AndroidManifest.xml:63:22-78
uses-permission#android.permission.ACCESS_WIFI_STATE
ADDED from src\main\AndroidManifest.xml:64:5-76
	android:name
		ADDED from src\main\AndroidManifest.xml:64:22-73
uses-permission#android.permission.ACCESS_NETWORK_STATE
ADDED from src\main\AndroidManifest.xml:65:5-79
	android:name
		ADDED from src\main\AndroidManifest.xml:65:22-76
uses-permission#android.permission.CHANGE_WIFI_STATE
ADDED from src\main\AndroidManifest.xml:66:5-67:23
	android:name
		ADDED from src\main\AndroidManifest.xml:66:22-73
uses-permission#android.permission.READ_PHONE_STATE
ADDED from src\main\AndroidManifest.xml:68:5-69:23
	android:name
		ADDED from src\main\AndroidManifest.xml:68:22-72
uses-permission#android.permission.WRITE_EXTERNAL_STORAGE
ADDED from src\main\AndroidManifest.xml:70:5-71:23
	android:name
		ADDED from src\main\AndroidManifest.xml:70:22-78
uses-permission#android.permission.READ_EXTERNAL_STORAGE
ADDED from src\main\AndroidManifest.xml:72:5-73:23
	android:name
		ADDED from src\main\AndroidManifest.xml:72:22-77
uses-permission#android.permission.INTERNET
ADDED from src\main\AndroidManifest.xml:74:5-67
	android:name
		ADDED from src\main\AndroidManifest.xml:74:22-64
uses-permission#android.permission.MOUNT_UNMOUNT_FILESYSTEMS
ADDED from src\main\AndroidManifest.xml:75:5-76:23
	android:name
		ADDED from src\main\AndroidManifest.xml:75:22-81
uses-permission#android.permission.GET_TASKS
ADDED from src\main\AndroidManifest.xml:77:5-68
	android:name
		ADDED from src\main\AndroidManifest.xml:77:22-65
uses-permission#android.permission.WAKE_LOCK
ADDED from src\main\AndroidManifest.xml:78:5-68
	android:name
		ADDED from src\main\AndroidManifest.xml:78:22-65
uses-feature#android.hardware.camera
ADDED from src\main\AndroidManifest.xml:83:5-60
	android:name
		ADDED from src\main\AndroidManifest.xml:83:19-57
uses-feature#android.hardware.camera.autofocus
ADDED from src\main\AndroidManifest.xml:84:5-70
	android:name
		ADDED from src\main\AndroidManifest.xml:84:19-67
uses-permission#android.permission.RECORD_AUDIO
ADDED from src\main\AndroidManifest.xml:86:5-71
	android:name
		ADDED from src\main\AndroidManifest.xml:86:22-68
uses-permission#android.permission.CAMERA
ADDED from src\main\AndroidManifest.xml:89:5-65
	android:name
		ADDED from src\main\AndroidManifest.xml:89:22-62